Using pre-set license
Built from '2020.2/release' branch; Version is '2020.2.2f1 (068178b99f32) revision 426360'; Using compiler version '192528614'; Build Type 'Release'
OS: 'Windows 10 Pro; OS build 18363.1379; Version 1909; 64bit' Language: 'en' Physical Memory: 16344 MB
BatchMode: 1, IsHumanControllingUs: 0, StartBugReporterOnCrash: 0, Is64bit: 1, IsPro: 0

 COMMAND LINE ARGUMENTS:
C:\Program Files\Unity\Hub\Editor\2020.2.2f1\Editor\Unity.exe
-adb2
-batchMode
-noUpm
-name
AssetImportWorker0
-projectPath
G:/Unity/Platformer_CKK
-logFile
Logs/AssetImportWorker0.log
-srvPort
53025
Successfully changed project path to: G:/Unity/Platformer_CKK
G:/Unity/Platformer_CKK
Using Asset Import Pipeline V2.
Refreshing native plugins compatible for Editor in 32.38 ms, found 1 plugins.
Preloading 0 native plugins for Editor in 0.00 ms.
Initialize engine version: 2020.2.2f1 (068178b99f32)
[Subsystems] Discovering subsystems at path C:/Program Files/Unity/Hub/Editor/2020.2.2f1/Editor/Data/Resources/UnitySubsystems
[Subsystems] Discovering subsystems at path G:/Unity/Platformer_CKK/Assets
GfxDevice: creating device client; threaded=0
Direct3D:
    Version:  Direct3D 11.0 [level 11.1]
    Renderer: NVIDIA GeForce GTX 1050 Ti (ID=0x1c82)
    Vendor:   
    VRAM:     4018 MB
    Driver:   27.21.14.6140
Initialize mono
Mono path[0] = 'C:/Program Files/Unity/Hub/Editor/2020.2.2f1/Editor/Data/Managed'
Mono path[1] = 'C:/Program Files/Unity/Hub/Editor/2020.2.2f1/Editor/Data/MonoBleedingEdge/lib/mono/unityjit'
Mono config path = 'C:/Program Files/Unity/Hub/Editor/2020.2.2f1/Editor/Data/MonoBleedingEdge/etc'
Using monoOptions --debugger-agent=transport=dt_socket,embedding=1,server=y,suspend=n,address=127.0.0.1:56208
Begin MonoManager ReloadAssembly
Registering precompiled unity dll's ...
Register platform support module: C:/Program Files/Unity/Hub/Editor/2020.2.2f1/Editor/Data/PlaybackEngines/WebGLSupport/UnityEditor.WebGL.Extensions.dll
Register platform support module: C:/Program Files/Unity/Hub/Editor/2020.2.2f1/Editor/Data/PlaybackEngines/WindowsStandaloneSupport/UnityEditor.WindowsStandalone.Extensions.dll
Registered in 0.002096 seconds.
Native extension for WindowsStandalone target not found
Native extension for WebGL target not found
Refreshing native plugins compatible for Editor in 30.63 ms, found 1 plugins.
Preloading 0 native plugins for Editor in 0.00 ms.
Invoked RoslynAnalysisRunner static constructor.
RoslynAnalysisRunner will not be running.
RoslynAnalysisRunner has terminated.
Mono: successfully reloaded assembly
- Completed reload, in  1.538 seconds
Platform modules already initialized, skipping
Registering precompiled user dll's ...
Registered in 0.000845 seconds.
Begin MonoManager ReloadAssembly
Native extension for WindowsStandalone target not found
Native extension for WebGL target not found
Refreshing native plugins compatible for Editor in 32.93 ms, found 1 plugins.
Preloading 0 native plugins for Editor in 0.00 ms.
Invoked RoslynAnalysisRunner static constructor.
RoslynAnalysisRunner will not be running.
RoslynAnalysisRunner has terminated.
Mono: successfully reloaded assembly
- Completed reload, in  0.786 seconds
Platform modules already initialized, skipping
========================================================================
Worker process is ready to serve import requests
Launched and connected shader compiler UnityShaderCompiler.exe after 0.07 seconds
Refreshing native plugins compatible for Editor in 0.31 ms, found 1 plugins.
Preloading 0 native plugins for Editor in 0.00 ms.
Unloading 1777 Unused Serialized files (Serialized files now loaded: 0)
System memory in use before: 83.8 MB.
System memory in use after: 83.8 MB.

Unloading 19 unused Assets to reduce memory usage. Loaded Objects now: 2225.
Total: 2.003700 ms (FindLiveObjects: 0.236300 ms CreateObjectMapping: 0.099000 ms MarkObjects: 1.604200 ms  DeleteObjects: 0.063300 ms)

========================================================================
Received Import Request.
  path: Assets/Prefabs/Bullet.prefab
  artifactKey: Guid(8d04b836f68534868a9c7b7047b9dd89) Importer(815301076,1909f56bfc062723c751e8b465ee728b)
Start importing Assets/Prefabs/Bullet.prefab using Guid(8d04b836f68534868a9c7b7047b9dd89) Importer(815301076,1909f56bfc062723c751e8b465ee728b)  -> (artifact id: '8dbf0775e77c799bf0694d418d60c7ff') in 0.124895 seconds
  Import took 0.145188 seconds .

========================================================================
Received Import Request.
  Time since last request: 0.000258 seconds.
  path: Assets/Prefabs/EnemyGoLeft.prefab
  artifactKey: Guid(b3f59c99fb3b54f5b9e43f5be05140ab) Importer(815301076,1909f56bfc062723c751e8b465ee728b)
Start importing Assets/Prefabs/EnemyGoLeft.prefab using Guid(b3f59c99fb3b54f5b9e43f5be05140ab) Importer(815301076,1909f56bfc062723c751e8b465ee728b)  -> (artifact id: '61cff50d14442097e9d37a8a5fa7d3a9') in 0.006807 seconds
  Import took 0.014032 seconds .

========================================================================
Received Import Request.
  Time since last request: 0.000363 seconds.
  path: Assets/Prefabs/KnightMan.prefab
  artifactKey: Guid(9beec0b83bf9649208bf72b8b595aa94) Importer(815301076,1909f56bfc062723c751e8b465ee728b)
Start importing Assets/Prefabs/KnightMan.prefab using Guid(9beec0b83bf9649208bf72b8b595aa94) Importer(815301076,1909f56bfc062723c751e8b465ee728b)  -> (artifact id: '30defc73b838d5a3e8427dc855744a6d') in 0.034774 seconds
  Import took 0.044409 seconds .

========================================================================
Received Import Request.
  Time since last request: 0.000351 seconds.
  path: Assets/Prefabs/Treasure.prefab
  artifactKey: Guid(090bd14ffd260442da5fe4c2b6f4738c) Importer(815301076,1909f56bfc062723c751e8b465ee728b)
Start importing Assets/Prefabs/Treasure.prefab using Guid(090bd14ffd260442da5fe4c2b6f4738c) Importer(815301076,1909f56bfc062723c751e8b465ee728b)  -> (artifact id: '19f3b73aba6475af938315ced983e0b7') in 0.016504 seconds
  Import took 0.028727 seconds .

========================================================================
Received Import Request.
  Time since last request: 0.000262 seconds.
  path: Assets/Prefabs/Enemy.prefab
  artifactKey: Guid(72f6aa53b585843b1929c9e1a10992dc) Importer(815301076,1909f56bfc062723c751e8b465ee728b)
Start importing Assets/Prefabs/Enemy.prefab using Guid(72f6aa53b585843b1929c9e1a10992dc) Importer(815301076,1909f56bfc062723c751e8b465ee728b)  -> (artifact id: '79ee4d6de3e17845355def8c49ea0b44') in 0.033287 seconds
  Import took 0.036435 seconds .

========================================================================
Received Import Request.
  Time since last request: 0.000351 seconds.
  path: Assets/Prefabs/EnemyGoRight.prefab
  artifactKey: Guid(644088f879eca412eb0ee348926fc3c6) Importer(815301076,1909f56bfc062723c751e8b465ee728b)
Start importing Assets/Prefabs/EnemyGoRight.prefab using Guid(644088f879eca412eb0ee348926fc3c6) Importer(815301076,1909f56bfc062723c751e8b465ee728b)  -> (artifact id: '2070e6228a7e893e882dc4286e89d0c0') in 0.006397 seconds
  Import took 0.022774 seconds .

AssetImportWorkerClient::OnTransportError - code=2 error=End of file
